<?xml version="1.0" encoding="UTF-8"?>
<testng-results skipped="0" failed="0" ignored="1" total="2" passed="1">
  <reporter-output>
  </reporter-output>
  <suite name="Default suite" duration-ms="183828" started-at="2017-11-11T06:29:23Z" finished-at="2017-11-11T06:32:26Z">
    <groups>
    </groups>
    <test name="Default test" duration-ms="183828" started-at="2017-11-11T06:29:23Z" finished-at="2017-11-11T06:32:26Z">
      <class name="TestCases.LoginTestCases">
        <test-method status="PASS" signature="beforeClass()[pri:0, instance:TestCases.LoginTestCases@4b14c583]" name="beforeClass" is-config="true" duration-ms="110291" started-at="2017-11-11T11:59:23Z" finished-at="2017-11-11T12:01:13Z">
          <reporter-output>
          </reporter-output>
        </test-method> <!-- beforeClass -->
        <test-method status="PASS" signature="setUp()[pri:0, instance:TestCases.LoginTestCases@4b14c583]" name="setUp" is-config="true" duration-ms="63704" started-at="2017-11-11T12:01:13Z" finished-at="2017-11-11T12:02:17Z">
          <reporter-output>
          </reporter-output>
        </test-method> <!-- setUp -->
        <test-method status="PASS" signature="loginSetUp()[pri:0, instance:TestCases.LoginTestCases@4b14c583]" name="loginSetUp" is-config="true" duration-ms="157" started-at="2017-11-11T12:02:17Z" finished-at="2017-11-11T12:02:17Z">
          <reporter-output>
          </reporter-output>
        </test-method> <!-- loginSetUp -->
        <test-method status="PASS" signature="testLogin()[pri:0, instance:TestCases.LoginTestCases@4b14c583]" name="testLogin" duration-ms="8008" started-at="2017-11-11T12:02:17Z" finished-at="2017-11-11T12:02:25Z">
          <reporter-output>
          </reporter-output>
        </test-method> <!-- testLogin -->
        <test-method status="PASS" signature="destroyDriver()[pri:0, instance:TestCases.LoginTestCases@4b14c583]" name="destroyDriver" is-config="true" duration-ms="1636" started-at="2017-11-11T12:02:25Z" finished-at="2017-11-11T12:02:26Z">
          <reporter-output>
          </reporter-output>
        </test-method> <!-- destroyDriver -->
      </class> <!-- TestCases.LoginTestCases -->
    </test> <!-- Default test -->
  </suite> <!-- Default suite -->
</testng-results>
