<?xml version="1.0" encoding="UTF-8"?>
<!-- Generated by org.testng.reporters.JUnitXMLReporter -->
<testsuite hostname="PRAKASGU-IN" ignored="0" name="Test1" tests="4" failures="0" timestamp="05 Nov 2017 04:52:22 GMT" time="0.054" errors="0">
  <testcase name="testCase1" time="0.012" classname="TestNGPackage.Testcases1"/>
  <testcase name="testCase2" time="0.004" classname="TestNGPackage.Testcases1"/>
  <testcase name="testCase3" time="0.001" classname="TestNGPackage.Testcases2"/>
  <testcase name="testCase4" time="0.001" classname="TestNGPackage.Testcases2"/>
</testsuite> <!-- Test1 -->
