<?xml version="1.0" encoding="UTF-8"?>
<!-- Generated by org.testng.reporters.JUnitXMLReporter -->
<testsuite hostname="PRAKASGU-IN" ignored="1" name="Default test" tests="1" failures="0" timestamp="11 Nov 2017 06:32:26 GMT" time="183.828" errors="0">
  <testcase name="testLogin" time="8.008" classname="TestCases.LoginTestCases"/>
  <testcase name="testInvalidLogin" time="0.0" classname="TestCases.LoginTestCases">
    <ignored/>
  </testcase> <!-- testInvalidLogin -->
</testsuite> <!-- Default test -->
